app/build/intermediates/manifest_merge_blame_file/debug/processDebugMainManifest/manifest-merger-blame-debug-report.txt
1<?xml version="1.0" encoding="utf-8"?>
2<manifest xmlns:android="http://schemas.android.com/apk/res/android"
3    package="com.ios7.vibeify"
4    android:versionCode="1"
5    android:versionName="1.5.4-tabfix" >
6
7    <uses-sdk
8        android:minSdkVersion="27"
9        android:targetSdkVersion="35" />
10
11    <uses-permission android:name="android.permission.INTERNET" />
11-->src\main\AndroidManifest.xml:5:5-67
11-->src\main\AndroidManifest.xml:5:22-64
12    <uses-permission android:name="android.permission.ACCESS_NETWORK_STATE" />
12-->src\main\AndroidManifest.xml:6:5-79
12-->src\main\AndroidManifest.xml:6:22-76
13    <uses-permission android:name="android.permission.SET_WALLPAPER" />
13-->src\main\AndroidManifest.xml:7:5-72
13-->src\main\AndroidManifest.xml:7:22-69
14    <uses-permission android:name="android.permission.SET_WALLPAPER_COMPONENT" />
14-->src\main\AndroidManifest.xml:8:5-82
14-->src\main\AndroidManifest.xml:8:22-79
15    <uses-permission android:name="android.permission.SET_WALLPAPER_DIM_AMOUNT" />
15-->src\main\AndroidManifest.xml:9:5-83
15-->src\main\AndroidManifest.xml:9:22-80
16    <uses-permission android:name="android.permission.SET_WALLPAPER_HINTS" />
16-->src\main\AndroidManifest.xml:10:5-78
16-->src\main\AndroidManifest.xml:10:22-75
17
18    <queries>
18-->[com.vanniktech:android-image-cropper:4.6.0] AndroidManifest.xml:7:5-18:15
19        <intent>
19-->[com.vanniktech:android-image-cropper:4.6.0] AndroidManifest.xml:8:9-14:18
20            <action android:name="android.intent.action.GET_CONTENT" />
20-->[com.vanniktech:android-image-cropper:4.6.0] AndroidManifest.xml:9:13-72
20-->[com.vanniktech:android-image-cropper:4.6.0] AndroidManifest.xml:9:21-69
21
22            <category android:name="android.intent.category.OPENABLE" />
22-->[com.vanniktech:android-image-cropper:4.6.0] AndroidManifest.xml:11:13-73
22-->[com.vanniktech:android-image-cropper:4.6.0] AndroidManifest.xml:11:23-70
23
24            <data android:mimeType="*/*" />
24-->[com.vanniktech:android-image-cropper:4.6.0] AndroidManifest.xml:13:13-44
24-->[com.vanniktech:android-image-cropper:4.6.0] AndroidManifest.xml:13:19-41
25        </intent>
26        <intent>
26-->[com.vanniktech:android-image-cropper:4.6.0] AndroidManifest.xml:15:9-17:18
27            <action android:name="android.media.action.IMAGE_CAPTURE" />
27-->[com.vanniktech:android-image-cropper:4.6.0] AndroidManifest.xml:16:13-73
27-->[com.vanniktech:android-image-cropper:4.6.0] AndroidManifest.xml:16:21-70
28        </intent>
29    </queries>
30
31    <permission
31-->[androidx.core:core:1.16.0] AndroidManifest.xml:22:5-24:47
32        android:name="com.ios7.vibeify.DYNAMIC_RECEIVER_NOT_EXPORTED_PERMISSION"
32-->[androidx.core:core:1.16.0] AndroidManifest.xml:23:9-81
33        android:protectionLevel="signature" />
33-->[androidx.core:core:1.16.0] AndroidManifest.xml:24:9-44
34
35    <uses-permission android:name="com.ios7.vibeify.DYNAMIC_RECEIVER_NOT_EXPORTED_PERMISSION" />
35-->[androidx.core:core:1.16.0] AndroidManifest.xml:26:5-97
35-->[androidx.core:core:1.16.0] AndroidManifest.xml:26:22-94
36
37    <application
37-->src\main\AndroidManifest.xml:12:5-141:19
38        android:allowBackup="true"
38-->src\main\AndroidManifest.xml:13:9-35
39        android:appComponentFactory="androidx.core.app.CoreComponentFactory"
39-->[androidx.core:core:1.16.0] AndroidManifest.xml:28:18-86
40        android:configChanges="screenSize|smallestScreenSize|screenLayout|orientation"
40-->src\main\AndroidManifest.xml:14:9-87
41        android:debuggable="true"
41-->src\main\AndroidManifest.xml:15:9-34
42        android:extractNativeLibs="false"
43        android:icon="@mipmap/ic_launcher"
43-->src\main\AndroidManifest.xml:16:9-43
44        android:label="@string/app_name"
44-->src\main\AndroidManifest.xml:17:9-41
45        android:requestLegacyExternalStorage="true"
45-->src\main\AndroidManifest.xml:18:9-52
46        android:resizeableActivity="true"
46-->src\main\AndroidManifest.xml:19:9-42
47        android:screenOrientation="unspecified"
47-->src\main\AndroidManifest.xml:20:9-48
48        android:supportsPictureInPicture="true"
48-->src\main\AndroidManifest.xml:21:9-48
49        android:theme="@style/Theme.Material3BottomNav"
49-->src\main\AndroidManifest.xml:22:9-56
50        android:usesCleartextTraffic="true" >
50-->src\main\AndroidManifest.xml:23:9-44
51        <activity
51-->src\main\AndroidManifest.xml:24:9-26:40
52            android:name="com.ios7.vibeify.NoInternet"
52-->src\main\AndroidManifest.xml:25:13-39
53            android:exported="false" />
53-->src\main\AndroidManifest.xml:26:13-37
54        <activity
54-->src\main\AndroidManifest.xml:27:9-29:40
55            android:name="com.ios7.vibeify.AppRestarter"
55-->src\main\AndroidManifest.xml:28:13-41
56            android:exported="false" />
56-->src\main\AndroidManifest.xml:29:13-37
57        <activity
57-->src\main\AndroidManifest.xml:30:9-32:40
58            android:name="com.ios7.vibeify.ManualDebugEnabler"
58-->src\main\AndroidManifest.xml:31:13-47
59            android:exported="false" />
59-->src\main\AndroidManifest.xml:32:13-37
60        <activity
60-->src\main\AndroidManifest.xml:33:9-36:58
61            android:name="com.ios7.vibeify.ShareImageLoader"
61-->src\main\AndroidManifest.xml:34:13-45
62            android:exported="false"
62-->src\main\AndroidManifest.xml:35:13-37
63            android:theme="@style/BottomSheetActivity" />
63-->src\main\AndroidManifest.xml:36:13-55
64        <activity
64-->src\main\AndroidManifest.xml:37:9-39:40
65            android:name="com.ios7.vibeify.WalldownloadkotlinActivity"
65-->src\main\AndroidManifest.xml:38:13-55
66            android:exported="false" />
66-->src\main\AndroidManifest.xml:39:13-37
67        <activity
67-->src\main\AndroidManifest.xml:40:9-43:47
68            android:name="com.ios7.vibeify.WallDownloadKotlin"
68-->src\main\AndroidManifest.xml:41:13-47
69            android:exported="false"
69-->src\main\AndroidManifest.xml:42:13-37
70            android:theme="@style/AppTheme" />
70-->src\main\AndroidManifest.xml:43:13-44
71        <activity
71-->src\main\AndroidManifest.xml:44:9-46:40
72            android:name="com.ios7.vibeify.AppAbandoned"
72-->src\main\AndroidManifest.xml:45:13-41
73            android:exported="false" />
73-->src\main\AndroidManifest.xml:46:13-37
74        <activity
74-->src\main\AndroidManifest.xml:47:9-49:40
75            android:name="com.ios7.vibeify.SetupActivity1"
75-->src\main\AndroidManifest.xml:48:13-43
76            android:exported="false" />
76-->src\main\AndroidManifest.xml:49:13-37
77        <activity
77-->src\main\AndroidManifest.xml:50:9-54:47
78            android:name="com.ios7.vibeify.abandon_dialog"
78-->src\main\AndroidManifest.xml:51:13-43
79            android:exported="false"
79-->src\main\AndroidManifest.xml:52:13-37
80            android:label="@string/title_activity_abandon_dialog"
80-->src\main\AndroidManifest.xml:53:13-66
81            android:theme="@style/AppTheme" />
81-->src\main\AndroidManifest.xml:54:13-44
82        <activity
82-->src\main\AndroidManifest.xml:55:9-59:47
83            android:name="com.ios7.vibeify.CropWallpaper"
83-->src\main\AndroidManifest.xml:56:13-42
84            android:exported="false"
84-->src\main\AndroidManifest.xml:57:13-37
85            android:label="@string/title_activity_crop_wallpaper"
85-->src\main\AndroidManifest.xml:58:13-66
86            android:theme="@style/AppTheme" />
86-->src\main\AndroidManifest.xml:59:13-44
87        <activity
87-->src\main\AndroidManifest.xml:60:9-69:20
88            android:name="com.ios7.vibeify.MainActivity"
88-->src\main\AndroidManifest.xml:61:13-41
89            android:configChanges="orientation|screenSize|keyboardHidden|smallestScreenSize|screenLayout"
89-->src\main\AndroidManifest.xml:62:13-106
90            android:exported="true"
90-->src\main\AndroidManifest.xml:63:13-36
91            android:hardwareAccelerated="true"
91-->src\main\AndroidManifest.xml:64:13-47
92            android:resizeableActivity="true"
92-->src\main\AndroidManifest.xml:65:13-46
93            android:supportsPictureInPicture="true"
93-->src\main\AndroidManifest.xml:66:13-52
94            android:theme="@style/Theme.Material3BottomNav"
94-->src\main\AndroidManifest.xml:67:13-60
95            android:windowSoftInputMode="stateHidden" >
95-->src\main\AndroidManifest.xml:68:13-54
96        </activity>
97        <activity
97-->src\main\AndroidManifest.xml:70:9-83:20
98            android:name="com.ios7.vibeify.MainKotlinActivity"
98-->src\main\AndroidManifest.xml:71:13-47
99            android:configChanges="orientation|screenSize|keyboardHidden|smallestScreenSize|screenLayout"
99-->src\main\AndroidManifest.xml:72:13-106
100            android:exported="true"
100-->src\main\AndroidManifest.xml:73:13-36
101            android:hardwareAccelerated="true"
101-->src\main\AndroidManifest.xml:74:13-47
102            android:resizeableActivity="true"
102-->src\main\AndroidManifest.xml:75:13-46
103            android:supportsPictureInPicture="true"
103-->src\main\AndroidManifest.xml:76:13-52
104            android:theme="@style/Theme.Material3BottomNav"
104-->src\main\AndroidManifest.xml:77:13-60
105            android:windowSoftInputMode="stateHidden" >
105-->src\main\AndroidManifest.xml:78:13-54
106            <intent-filter>
106-->src\main\AndroidManifest.xml:79:13-82:29
107                <action android:name="android.intent.action.MAIN" />
107-->src\main\AndroidManifest.xml:80:17-69
107-->src\main\AndroidManifest.xml:80:25-66
108
109                <category android:name="android.intent.category.LAUNCHER" />
109-->src\main\AndroidManifest.xml:81:17-77
109-->src\main\AndroidManifest.xml:81:27-74
110            </intent-filter>
111        </activity>
112        <activity
112-->src\main\AndroidManifest.xml:84:9-93:20
113            android:name="com.ios7.vibeify.WallpapersActivity"
113-->src\main\AndroidManifest.xml:85:13-47
114            android:configChanges="orientation|screenSize|keyboardHidden|smallestScreenSize|screenLayout"
114-->src\main\AndroidManifest.xml:86:13-106
115            android:exported="true"
115-->src\main\AndroidManifest.xml:87:13-36
116            android:hardwareAccelerated="true"
116-->src\main\AndroidManifest.xml:88:13-47
117            android:resizeableActivity="true"
117-->src\main\AndroidManifest.xml:89:13-46
118            android:supportsPictureInPicture="true"
118-->src\main\AndroidManifest.xml:90:13-52
119            android:theme="@style/Theme.Material3BottomNav"
119-->src\main\AndroidManifest.xml:91:13-60
120            android:windowSoftInputMode="stateHidden" >
120-->src\main\AndroidManifest.xml:92:13-54
121        </activity>
122        <activity
122-->src\main\AndroidManifest.xml:94:9-101:57
123            android:name="com.ios7.vibeify.WalldownloadActivity"
123-->src\main\AndroidManifest.xml:95:13-49
124            android:configChanges="orientation|screenSize|keyboardHidden|smallestScreenSize|screenLayout"
124-->src\main\AndroidManifest.xml:96:13-106
125            android:hardwareAccelerated="true"
125-->src\main\AndroidManifest.xml:97:13-47
126            android:resizeableActivity="true"
126-->src\main\AndroidManifest.xml:98:13-46
127            android:screenOrientation="portrait"
127-->src\main\AndroidManifest.xml:99:13-49
128            android:supportsPictureInPicture="true"
128-->src\main\AndroidManifest.xml:100:13-52
129            android:windowSoftInputMode="stateHidden" />
129-->src\main\AndroidManifest.xml:101:13-54
130        <activity
130-->src\main\AndroidManifest.xml:102:9-108:57
131            android:name="com.ios7.vibeify.Setwall1Activity"
131-->src\main\AndroidManifest.xml:103:13-45
132            android:configChanges="orientation|screenSize|keyboardHidden|smallestScreenSize|screenLayout"
132-->src\main\AndroidManifest.xml:104:13-106
133            android:hardwareAccelerated="true"
133-->src\main\AndroidManifest.xml:105:13-47
134            android:supportsPictureInPicture="true"
134-->src\main\AndroidManifest.xml:106:13-52
135            android:theme="@style/AppTheme.FullScreen"
135-->src\main\AndroidManifest.xml:107:13-55
136            android:windowSoftInputMode="stateHidden" />
136-->src\main\AndroidManifest.xml:108:13-54
137        <activity
137-->src\main\AndroidManifest.xml:109:9-115:57
138            android:name="com.ios7.vibeify.Setwall2Activity"
138-->src\main\AndroidManifest.xml:110:13-45
139            android:configChanges="orientation|screenSize|keyboardHidden|smallestScreenSize|screenLayout"
139-->src\main\AndroidManifest.xml:111:13-106
140            android:hardwareAccelerated="true"
140-->src\main\AndroidManifest.xml:112:13-47
141            android:supportsPictureInPicture="true"
141-->src\main\AndroidManifest.xml:113:13-52
142            android:theme="@style/AppTheme.FullScreen"
142-->src\main\AndroidManifest.xml:114:13-55
143            android:windowSoftInputMode="stateHidden" />
143-->src\main\AndroidManifest.xml:115:13-54
144
145        <provider
145-->src\main\AndroidManifest.xml:117:9-127:20
146            android:name="androidx.startup.InitializationProvider"
146-->src\main\AndroidManifest.xml:118:13-67
147            android:authorities="com.ios7.vibeify.androidx-startup"
147-->src\main\AndroidManifest.xml:119:13-68
148            android:exported="false" >
148-->src\main\AndroidManifest.xml:120:13-37
149            <meta-data
149-->src\main\AndroidManifest.xml:121:13-123:52
150                android:name="androidx.lifecycle.ProcessLifecycleInitializer"
150-->src\main\AndroidManifest.xml:122:17-78
151                android:value="androidx.startup" />
151-->src\main\AndroidManifest.xml:123:17-49
152            <meta-data
152-->src\main\AndroidManifest.xml:124:13-126:52
153                android:name="androidx.emoji2.text.EmojiCompatInitializer"
153-->src\main\AndroidManifest.xml:125:17-75
154                android:value="androidx.startup" />
154-->src\main\AndroidManifest.xml:126:17-49
155            <meta-data
155-->[androidx.profileinstaller:profileinstaller:1.4.0] AndroidManifest.xml:29:13-31:52
156                android:name="androidx.profileinstaller.ProfileInstallerInitializer"
156-->[androidx.profileinstaller:profileinstaller:1.4.0] AndroidManifest.xml:30:17-85
157                android:value="androidx.startup" />
157-->[androidx.profileinstaller:profileinstaller:1.4.0] AndroidManifest.xml:31:17-49
158        </provider>
159        <provider
159-->src\main\AndroidManifest.xml:128:9-136:20
160            android:name="androidx.core.content.FileProvider"
160-->src\main\AndroidManifest.xml:129:13-62
161            android:authorities="com.ios7.vibeify.fileprovider"
161-->src\main\AndroidManifest.xml:130:13-64
162            android:exported="false"
162-->src\main\AndroidManifest.xml:131:13-37
163            android:grantUriPermissions="true" >
163-->src\main\AndroidManifest.xml:132:13-47
164            <meta-data
164-->src\main\AndroidManifest.xml:133:13-135:54
165                android:name="android.support.FILE_PROVIDER_PATHS"
165-->src\main\AndroidManifest.xml:134:17-67
166                android:resource="@xml/file_paths" />
166-->src\main\AndroidManifest.xml:135:17-51
167        </provider>
168
169        <uses-library
169-->src\main\AndroidManifest.xml:138:9-140:40
170            android:name="org.apache.http.legacy"
170-->src\main\AndroidManifest.xml:139:13-50
171            android:required="false" />
171-->src\main\AndroidManifest.xml:140:13-37
172
173        <provider
173-->[com.vanniktech:android-image-cropper:4.6.0] AndroidManifest.xml:21:9-29:20
174            android:name="com.canhub.cropper.CropFileProvider"
174-->[com.vanniktech:android-image-cropper:4.6.0] AndroidManifest.xml:22:13-63
175            android:authorities="com.ios7.vibeify.cropper.fileprovider"
175-->[com.vanniktech:android-image-cropper:4.6.0] AndroidManifest.xml:23:13-72
176            android:exported="false"
176-->[com.vanniktech:android-image-cropper:4.6.0] AndroidManifest.xml:24:13-37
177            android:grantUriPermissions="true" >
177-->[com.vanniktech:android-image-cropper:4.6.0] AndroidManifest.xml:25:13-47
178            <meta-data
178-->src\main\AndroidManifest.xml:133:13-135:54
179                android:name="android.support.FILE_PROVIDER_PATHS"
179-->src\main\AndroidManifest.xml:134:17-67
180                android:resource="@xml/library_file_paths" />
180-->src\main\AndroidManifest.xml:135:17-51
181        </provider>
182
183        <activity
183-->[com.vanniktech:android-image-cropper:4.6.0] AndroidManifest.xml:31:9-33:39
184            android:name="com.canhub.cropper.CropImageActivity"
184-->[com.vanniktech:android-image-cropper:4.6.0] AndroidManifest.xml:32:13-64
185            android:exported="true" />
185-->[com.vanniktech:android-image-cropper:4.6.0] AndroidManifest.xml:33:13-36
186        <activity
186-->[androidx.compose.ui:ui-tooling-android:1.6.6] AndroidManifest.xml:23:9-25:39
187            android:name="androidx.compose.ui.tooling.PreviewActivity"
187-->[androidx.compose.ui:ui-tooling-android:1.6.6] AndroidManifest.xml:24:13-71
188            android:exported="true" />
188-->[androidx.compose.ui:ui-tooling-android:1.6.6] AndroidManifest.xml:25:13-36
189        <activity
189-->[androidx.compose.ui:ui-test-manifest:1.6.6] AndroidManifest.xml:23:9-25:39
190            android:name="androidx.activity.ComponentActivity"
190-->[androidx.compose.ui:ui-test-manifest:1.6.6] AndroidManifest.xml:24:13-63
191            android:exported="true" />
191-->[androidx.compose.ui:ui-test-manifest:1.6.6] AndroidManifest.xml:25:13-36
192
193        <uses-library
193-->[androidx.window:window:1.0.0] AndroidManifest.xml:25:9-27:40
194            android:name="androidx.window.extensions"
194-->[androidx.window:window:1.0.0] AndroidManifest.xml:26:13-54
195            android:required="false" />
195-->[androidx.window:window:1.0.0] AndroidManifest.xml:27:13-37
196        <uses-library
196-->[androidx.window:window:1.0.0] AndroidManifest.xml:28:9-30:40
197            android:name="androidx.window.sidecar"
197-->[androidx.window:window:1.0.0] AndroidManifest.xml:29:13-51
198            android:required="false" />
198-->[androidx.window:window:1.0.0] AndroidManifest.xml:30:13-37
199
200        <provider
200-->[com.squareup.picasso:picasso:2.8] AndroidManifest.xml:8:9-11:40
201            android:name="com.squareup.picasso.PicassoProvider"
201-->[com.squareup.picasso:picasso:2.8] AndroidManifest.xml:9:13-64
202            android:authorities="com.ios7.vibeify.com.squareup.picasso"
202-->[com.squareup.picasso:picasso:2.8] AndroidManifest.xml:10:13-72
203            android:exported="false" />
203-->[com.squareup.picasso:picasso:2.8] AndroidManifest.xml:11:13-37
204
205        <receiver
205-->[androidx.profileinstaller:profileinstaller:1.4.0] AndroidManifest.xml:34:9-52:20
206            android:name="androidx.profileinstaller.ProfileInstallReceiver"
206-->[androidx.profileinstaller:profileinstaller:1.4.0] AndroidManifest.xml:35:13-76
207            android:directBootAware="false"
207-->[androidx.profileinstaller:profileinstaller:1.4.0] AndroidManifest.xml:36:13-44
208            android:enabled="true"
208-->[androidx.profileinstaller:profileinstaller:1.4.0] AndroidManifest.xml:37:13-35
209            android:exported="true"
209-->[androidx.profileinstaller:profileinstaller:1.4.0] AndroidManifest.xml:38:13-36
210            android:permission="android.permission.DUMP" >
210-->[androidx.profileinstaller:profileinstaller:1.4.0] AndroidManifest.xml:39:13-57
211            <intent-filter>
211-->[androidx.profileinstaller:profileinstaller:1.4.0] AndroidManifest.xml:40:13-42:29
212                <action android:name="androidx.profileinstaller.action.INSTALL_PROFILE" />
212-->[androidx.profileinstaller:profileinstaller:1.4.0] AndroidManifest.xml:41:17-91
212-->[androidx.profileinstaller:profileinstaller:1.4.0] AndroidManifest.xml:41:25-88
213            </intent-filter>
214            <intent-filter>
214-->[androidx.profileinstaller:profileinstaller:1.4.0] AndroidManifest.xml:43:13-45:29
215                <action android:name="androidx.profileinstaller.action.SKIP_FILE" />
215-->[androidx.profileinstaller:profileinstaller:1.4.0] AndroidManifest.xml:44:17-85
215-->[androidx.profileinstaller:profileinstaller:1.4.0] AndroidManifest.xml:44:25-82
216            </intent-filter>
217            <intent-filter>
217-->[androidx.profileinstaller:profileinstaller:1.4.0] AndroidManifest.xml:46:13-48:29
218                <action android:name="androidx.profileinstaller.action.SAVE_PROFILE" />
218-->[androidx.profileinstaller:profileinstaller:1.4.0] AndroidManifest.xml:47:17-88
218-->[androidx.profileinstaller:profileinstaller:1.4.0] AndroidManifest.xml:47:25-85
219            </intent-filter>
220            <intent-filter>
220-->[androidx.profileinstaller:profileinstaller:1.4.0] AndroidManifest.xml:49:13-51:29
221                <action android:name="androidx.profileinstaller.action.BENCHMARK_OPERATION" />
221-->[androidx.profileinstaller:profileinstaller:1.4.0] AndroidManifest.xml:50:17-95
221-->[androidx.profileinstaller:profileinstaller:1.4.0] AndroidManifest.xml:50:25-92
222            </intent-filter>
223        </receiver>
224    </application>
225
226</manifest>